<?xml version="1.0" encoding="UTF-8"?>
<robot generator="Robot 4.1 (Python 3.9.6 on win32)" generated="20220529 00:09:27.947" rpa="false" schemaversion="2">
<suite id="s1" name="LoginTest" source="C:\Users\Sona Athul\PycharmProjects\Banking project\Testcases\LoginTest.robot">
<test id="s1-t1" name="LoginTest">
<kw name="Open my Browser" library="LoginKeyword">
<arg>${SiteUrl}</arg>
<arg>${Browser}</arg>
<kw name="Open Browser" library="SeleniumLibrary">
<arg>${SiteUrl}</arg>
<arg>${Browser}</arg>
<doc>Opens a new browser instance to the optional ``url``.</doc>
<msg timestamp="20220529 00:09:28.228" level="INFO">Opening browser 'chrome' to base url 'http://www.demo.guru99.com/V4/'.</msg>
<status status="PASS" starttime="20220529 00:09:28.228" endtime="20220529 00:09:37.277"/>
</kw>
<kw name="Maximize Browser Window" library="SeleniumLibrary">
<doc>Maximizes current browser window.</doc>
<status status="PASS" starttime="20220529 00:09:37.277" endtime="20220529 00:09:37.414"/>
</kw>
<status status="PASS" starttime="20220529 00:09:28.228" endtime="20220529 00:09:37.414"/>
</kw>
<kw name="Enter Username" library="LoginKeyword">
<arg>${Username}</arg>
<kw name="Input Text" library="SeleniumLibrary">
<arg>${txt_loginUserId}</arg>
<arg>${Username}</arg>
<doc>Types the given ``text`` into the text field identified by ``locator``.</doc>
<msg timestamp="20220529 00:09:37.415" level="INFO">Typing text 'mngr411157' into text field 'xpath://input[@type='text' and @name='uid']'.</msg>
<status status="PASS" starttime="20220529 00:09:37.415" endtime="20220529 00:09:37.522"/>
</kw>
<status status="PASS" starttime="20220529 00:09:37.415" endtime="20220529 00:09:37.522"/>
</kw>
<kw name="Enter Password" library="LoginKeyword">
<arg>${Password}</arg>
<kw name="Input Text" library="SeleniumLibrary">
<arg>${txt_loginPassword}</arg>
<arg>${Password}</arg>
<doc>Types the given ``text`` into the text field identified by ``locator``.</doc>
<msg timestamp="20220529 00:09:37.526" level="INFO">Typing text 'vajehEt' into text field 'name:password'.</msg>
<status status="PASS" starttime="20220529 00:09:37.524" endtime="20220529 00:09:37.655"/>
</kw>
<status status="PASS" starttime="20220529 00:09:37.523" endtime="20220529 00:09:37.655"/>
</kw>
<kw name="Click login" library="LoginKeyword">
<kw name="Click Button" library="SeleniumLibrary">
<arg>${click_loginButton}</arg>
<doc>Clicks the button identified by ``locator``.</doc>
<msg timestamp="20220529 00:09:37.656" level="INFO">Clicking button 'name:btnLogin'.</msg>
<status status="PASS" starttime="20220529 00:09:37.656" endtime="20220529 00:09:40.374"/>
</kw>
<status status="PASS" starttime="20220529 00:09:37.655" endtime="20220529 00:09:40.374"/>
</kw>
<kw name="Sleep" library="BuiltIn">
<arg>3 seconds</arg>
<doc>Pauses the test executed for the given time.</doc>
<msg timestamp="20220529 00:09:43.377" level="INFO">Slept 3 seconds</msg>
<status status="PASS" starttime="20220529 00:09:40.375" endtime="20220529 00:09:43.377"/>
</kw>
<kw name="Verify Successful Login" library="LoginKeyword">
<kw name="Title Should Be" library="SeleniumLibrary">
<arg>Guru99 Bank Manager HomePage</arg>
<doc>Verifies that the current page title equals ``title``.</doc>
<msg timestamp="20220529 00:09:43.396" level="INFO">Page title is 'Guru99 Bank Manager HomePage'.</msg>
<status status="PASS" starttime="20220529 00:09:43.379" endtime="20220529 00:09:43.396"/>
</kw>
<status status="PASS" starttime="20220529 00:09:43.378" endtime="20220529 00:09:43.396"/>
</kw>
<kw name="Close Browser" library="LoginKeyword">
<kw name="Close All Browsers" library="SeleniumLibrary">
<doc>Closes all open browsers and resets the browser cache.</doc>
<status status="PASS" starttime="20220529 00:09:43.397" endtime="20220529 00:09:45.581"/>
</kw>
<status status="PASS" starttime="20220529 00:09:43.397" endtime="20220529 00:09:45.581"/>
</kw>
<status status="PASS" starttime="20220529 00:09:28.228" endtime="20220529 00:09:45.581"/>
</test>
<status status="PASS" starttime="20220529 00:09:27.947" endtime="20220529 00:09:45.581"/>
</suite>
<statistics>
<total>
<stat pass="1" fail="0" skip="0">All Tests</stat>
</total>
<tag>
</tag>
<suite>
<stat pass="1" fail="0" skip="0" id="s1" name="LoginTest">LoginTest</stat>
</suite>
</statistics>
<errors>
</errors>
</robot>
